<?xml version="1.0" encoding="UTF-8"?>
<!-- Generated by org.testng.reporters.JUnitReportReporter -->
<testsuite skipped="0" hostname="acer-PC" name="com.bluesky.test.smoke.SimpleUnitTest" tests="1" failures="0" timestamp="12 Aug 2018 14:20:21 GMT" time="9.260" errors="0">
  <testcase name="testLoginFailedTC101211" time="9.260" classname="com.bluesky.test.smoke.SimpleUnitTest"/>
</testsuite> <!-- com.bluesky.test.smoke.SimpleUnitTest -->
